1600970257730	mozrunner::runner	INFO	Running command: "C:\\Program Files (x86)\\Mozilla Firefox\\firefox.exe" "-marionette" "-foreground" "-no-remote" "-profile" "C:\\Users\\KRZYSZ~1\\AppData\\Local\\Temp\\rust_mozprofiledkW4Ld"
JavaScript error: resource://gre/modules/XULStore.jsm, line 66: Error: Can't find profile directory.
console.error: SearchCache: "_readCacheFile: Error reading cache file:" (new Error("", "(unknown module)"))
1600970262437	Marionette	INFO	Listening on port 49851
1600970262760	Marionette	WARN	TLS certificate errors will be ignored for this session
1600970270537	Marionette	INFO	Stopped listening on port 49851

###!!! [Child][MessageChannel::SendAndWait] Error: Channel error: cannot send/recv

1600970417618	mozrunner::runner	INFO	Running command: "C:\\Program Files (x86)\\Mozilla Firefox\\firefox.exe" "-marionette" "-foreground" "-no-remote" "-profile" "C:\\Users\\KRZYSZ~1\\AppData\\Local\\Temp\\rust_mozprofile36a1qo"
JavaScript error: resource://gre/modules/XULStore.jsm, line 66: Error: Can't find profile directory.
console.error: SearchCache: "_readCacheFile: Error reading cache file:" (new Error("", "(unknown module)"))
1600970419599	Marionette	INFO	Listening on port 49919
1600970419760	Marionette	WARN	TLS certificate errors will be ignored for this session
1600970428335	Marionette	INFO	Stopped listening on port 49919

###!!! [Child][RunMessage] Error: Channel closing: too late to send/recv, messages will be lost


###!!! [Child][MessageChannel::SendAndWait] Error: Channel error: cannot send/recv

1600971112434	mozrunner::runner	INFO	Running command: "C:\\Program Files (x86)\\Mozilla Firefox\\firefox.exe" "-marionette" "-foreground" "-no-remote" "-profile" "C:\\Users\\KRZYSZ~1\\AppData\\Local\\Temp\\rust_mozprofileXQqJUm"
JavaScript error: resource://gre/modules/XULStore.jsm, line 66: Error: Can't find profile directory.
console.error: SearchCache: "_readCacheFile: Error reading cache file:" (new Error("", "(unknown module)"))
1600971114510	Marionette	INFO	Listening on port 49991
1600971114595	Marionette	WARN	TLS certificate errors will be ignored for this session
1600971121320	Marionette	INFO	Stopped listening on port 49991

###!!! [Child][RunMessage] Error: Channel closing: too late to send/recv, messages will be lost


###!!! [Child][MessageChannel::SendAndWait] Error: Channel error: cannot send/recv

1600971155631	mozrunner::runner	INFO	Running command: "C:\\Program Files (x86)\\Mozilla Firefox\\firefox.exe" "-marionette" "-foreground" "-no-remote" "-profile" "C:\\Users\\KRZYSZ~1\\AppData\\Local\\Temp\\rust_mozprofileoBuuSy"
JavaScript error: resource://gre/modules/XULStore.jsm, line 66: Error: Can't find profile directory.
console.error: SearchCache: "_readCacheFile: Error reading cache file:" (new Error("", "(unknown module)"))
1600971158187	Marionette	INFO	Listening on port 50036
1600971158391	Marionette	WARN	TLS certificate errors will be ignored for this session
1600971167879	Marionette	INFO	Stopped listening on port 50036

###!!! [Child][RunMessage] Error: Channel closing: too late to send/recv, messages will be lost


###!!! [Child][MessageChannel::SendAndWait] Error: Channel error: cannot send/recv

1600976118246	mozrunner::runner	INFO	Running command: "C:\\Program Files (x86)\\Mozilla Firefox\\firefox.exe" "-marionette" "-foreground" "-no-remote" "-profile" "C:\\Users\\KRZYSZ~1\\AppData\\Local\\Temp\\rust_mozprofile8ESVXF"
JavaScript error: resource://gre/modules/XULStore.jsm, line 66: Error: Can't find profile directory.
console.error: SearchCache: "_readCacheFile: Error reading cache file:" (new Error("", "(unknown module)"))
1600976120715	Marionette	INFO	Listening on port 50483
1600976121022	Marionette	WARN	TLS certificate errors will be ignored for this session
1600976128895	Marionette	INFO	Stopped listening on port 50483

###!!! [Child][RunMessage] Error: Channel closing: too late to send/recv, messages will be lost


###!!! [Child][MessageChannel::SendAndWait] Error: Channel error: cannot send/recv

1600982928672	mozrunner::runner	INFO	Running command: "C:\\Program Files (x86)\\Mozilla Firefox\\firefox.exe" "-marionette" "-foreground" "-no-remote" "-profile" "C:\\Users\\KRZYSZ~1\\AppData\\Local\\Temp\\rust_mozprofileVu4kWs"
1600983064314	mozrunner::runner	INFO	Running command: "C:\\Program Files (x86)\\Mozilla Firefox\\firefox.exe" "-marionette" "-foreground" "-no-remote" "-profile" "C:\\Users\\KRZYSZ~1\\AppData\\Local\\Temp\\rust_mozprofileR6qusa"
JavaScript error: resource://gre/modules/XULStore.jsm, line 66: Error: Can't find profile directory.
console.error: SearchCache: "_readCacheFile: Error reading cache file:" (new Error("", "(unknown module)"))
1600983066610	Marionette	INFO	Listening on port 50903
1600983067053	Marionette	WARN	TLS certificate errors will be ignored for this session
1600983073201	Marionette	INFO	Stopped listening on port 50903

###!!! [Child][RunMessage] Error: Channel closing: too late to send/recv, messages will be lost


###!!! [Child][MessageChannel::SendAndWait] Error: Channel error: cannot send/recv

1600983100178	mozrunner::runner	INFO	Running command: "C:\\Program Files (x86)\\Mozilla Firefox\\firefox.exe" "-marionette" "-foreground" "-no-remote" "-profile" "C:\\Users\\KRZYSZ~1\\AppData\\Local\\Temp\\rust_mozprofileUHB1Vj"
JavaScript error: resource://gre/modules/XULStore.jsm, line 66: Error: Can't find profile directory.
console.error: SearchCache: "_readCacheFile: Error reading cache file:" (new Error("", "(unknown module)"))
1600983102364	Marionette	INFO	Listening on port 50952
1600983102399	Marionette	WARN	TLS certificate errors will be ignored for this session
1600983116922	Marionette	INFO	Stopped listening on port 50952

###!!! [Child][RunMessage] Error: Channel closing: too late to send/recv, messages will be lost


###!!! [Child][MessageChannel::SendAndWait] Error: Channel error: cannot send/recv

1600983593637	mozrunner::runner	INFO	Running command: "C:\\Program Files (x86)\\Mozilla Firefox\\firefox.exe" "-marionette" "-foreground" "-no-remote" "-profile" "C:\\Users\\KRZYSZ~1\\AppData\\Local\\Temp\\rust_mozprofilehLv1BN"
JavaScript error: resource://gre/modules/XULStore.jsm, line 66: Error: Can't find profile directory.
console.error: SearchCache: "_readCacheFile: Error reading cache file:" (new Error("", "(unknown module)"))
1600983596243	Marionette	INFO	Listening on port 51000
1600983596403	Marionette	WARN	TLS certificate errors will be ignored for this session
1600983641081	Marionette	INFO	Stopped listening on port 51000

###!!! [Child][RunMessage] Error: Channel closing: too late to send/recv, messages will be lost


###!!! [Child][MessageChannel::SendAndWait] Error: Channel error: cannot send/recv

rce://gre/modules/XULStore.jsm, line 66: Error: Can't find profile directory.
console.error: SearchCache: "_readCacheFile: Error reading cache file:" (new Error("", "(unknown module)"))
1600983637352	Marionette	INFO	Listening on port 51046
1600983637578	Marionette	WARN	TLS certificate errors will be ignored for this session
1600983652487	Marionette	INFO	Stopped listening on port 51046

###!!! [Child][RunMessage] Error: Channel closing: too late to send/recv, messages will be lost


###!!! [Child][MessageChannel::SendAndWait] Error: Channel error: cannot send/recv

